[2021-05-20T05:55:24.768236+02:00] PHP_BASICS.INFO: SELECT * FROM tasks WHERE completed = 1 [] []
[2021-05-20T05:55:27.976419+02:00] PHP_BASICS.INFO: UPDATE tasks SET completed = ?  WHERE id = 74 [] []
[2021-05-20T05:55:28.155430+02:00] PHP_BASICS.INFO: SELECT * FROM tasks WHERE completed = 1 [] []
[2021-05-20T05:55:30.512565+02:00] PHP_BASICS.INFO: UPDATE tasks SET completed = ?  WHERE id = 73 [] []
[2021-05-20T05:55:30.627571+02:00] PHP_BASICS.INFO: SELECT * FROM tasks WHERE completed = 1 [] []
[2021-05-20T05:56:05.788582+02:00] PHP_BASICS.INFO: UPDATE tasks SET completed = ?  WHERE id = 10 [] []
[2021-05-20T05:56:05.901589+02:00] PHP_BASICS.INFO: SELECT * FROM tasks WHERE completed = 1 [] []
[2021-05-20T05:56:11.645917+02:00] PHP_BASICS.INFO: SELECT * FROM tasks [] []
[2021-05-20T05:56:16.654204+02:00] PHP_BASICS.INFO: UPDATE tasks SET completed = ?  WHERE id = 3 [] []
[2021-05-20T05:56:16.745209+02:00] PHP_BASICS.INFO: SELECT * FROM tasks [] []
[2021-05-20T05:57:30.937887+02:00] PHP_BASICS.INFO: SELECT * FROM tasks [] []
[2021-05-20T05:57:36.149185+02:00] PHP_BASICS.INFO: DELETE FROM tasks WHERE id = 76 [] []
[2021-05-20T05:57:36.299194+02:00] PHP_BASICS.INFO: SELECT * FROM tasks [] []
[2021-05-20T05:57:42.979576+02:00] PHP_BASICS.INFO: DELETE FROM tasks WHERE id = 71 [] []
[2021-05-20T05:57:43.070581+02:00] PHP_BASICS.INFO: SELECT * FROM tasks [] []
[2021-05-20T05:59:16.470923+02:00] PHP_BASICS.INFO: SELECT * FROM tasks WHERE completed = 1 [] []
[2021-05-20T05:59:18.266026+02:00] PHP_BASICS.INFO: SELECT * FROM tasks WHERE completed = 0 [] []
[2021-05-20T06:06:56.822254+02:00] PHP_BASICS.INFO: SELECT * FROM tasks WHERE completed = 0 [] []
[2021-05-20T06:06:58.666359+02:00] PHP_BASICS.INFO: UPDATE tasks SET completed = ?  WHERE id = 6 [] []
[2021-05-20T06:06:58.733363+02:00] PHP_BASICS.INFO: SELECT * FROM tasks WHERE completed = 0 [] []
[2021-05-20T06:07:03.698647+02:00] PHP_BASICS.INFO: UPDATE tasks SET completed = ?  WHERE id = 70 [] []
[2021-05-20T06:07:03.814654+02:00] PHP_BASICS.INFO: SELECT * FROM tasks WHERE completed = 0 [] []
[2021-05-20T06:18:49.806717+02:00] PHP_BASICS.INFO: SELECT * FROM tasks WHERE completed = 0 [] []
[2021-05-20T06:19:11.114936+02:00] PHP_BASICS.INFO: UPDATE tasks SET completed = ?  WHERE id = 50 [] []
[2021-05-20T06:19:11.223942+02:00] PHP_BASICS.INFO: SELECT * FROM tasks WHERE completed = 0 [] []
[2021-05-20T06:19:15.862207+02:00] PHP_BASICS.INFO: SELECT * FROM tasks WHERE completed = 0 [] []
[2021-05-20T06:19:17.802318+02:00] PHP_BASICS.INFO: SELECT * FROM tasks WHERE completed = 1 [] []
[2021-05-20T06:19:22.244572+02:00] PHP_BASICS.INFO: UPDATE tasks SET completed = ?  WHERE id = 70 [] []
[2021-05-20T06:19:22.307576+02:00] PHP_BASICS.INFO: SELECT * FROM tasks WHERE completed = 1 [] []
[2021-05-20T07:05:42.970818+02:00] PHP_BASICS.INFO: SELECT * FROM tasks WHERE completed = 1 [] []
[2021-05-20T07:15:03.195861+02:00] PHP_BASICS.INFO: SELECT * FROM tasks WHERE completed = 1 [] []
[2021-05-20T07:30:08.198411+02:00] PHP_BASICS.INFO: SELECT * FROM tasks WHERE completed = 1 [] []
[2021-05-20T07:30:41.514317+02:00] PHP_BASICS.INFO: UPDATE tasks SET completed = ?  WHERE id = 50 [] []
[2021-05-20T07:30:41.639324+02:00] PHP_BASICS.INFO: SELECT * FROM tasks WHERE completed = 1 [] []
[2021-05-20T07:30:44.659497+02:00] PHP_BASICS.INFO: SELECT * FROM tasks WHERE completed = 1 [] []
[2021-05-20T07:30:47.114637+02:00] PHP_BASICS.INFO: SELECT * FROM tasks WHERE completed = 0 [] []
[2021-05-20T07:30:48.053691+02:00] PHP_BASICS.INFO: SELECT * FROM tasks [] []
[2021-05-20T07:30:51.671898+02:00] PHP_BASICS.INFO: SELECT * FROM tasks WHERE completed = 0 [] []
[2021-05-20T07:30:55.083093+02:00] PHP_BASICS.INFO: UPDATE tasks SET completed = ?  WHERE id = 74 [] []
[2021-05-20T07:30:55.206100+02:00] PHP_BASICS.INFO: SELECT * FROM tasks WHERE completed = 0 [] []
[2021-05-20T07:32:26.417317+02:00] PHP_BASICS.INFO: SELECT * FROM tasks WHERE completed = 0 [] []
[2021-05-20T07:37:08.115429+02:00] PHP_BASICS.INFO: SELECT * FROM tasks WHERE completed = 0 [] []
[2021-05-20T07:45:15.674316+02:00] PHP_BASICS.INFO: SELECT * FROM tasks WHERE completed = 0 [] []
[2021-05-20T07:45:29.862127+02:00] PHP_BASICS.INFO: INSERT INTO tasks (description) VALUES (?) [] []
[2021-05-20T07:45:30.063138+02:00] PHP_BASICS.INFO: SELECT * FROM tasks WHERE completed = 0 [] []
[2021-05-20T08:12:09.918150+02:00] PHP_BASICS.INFO: SELECT * FROM tasks WHERE completed = 0 [] []
[2021-05-22T10:09:49.249613+02:00] PHP_BASICS.INFO: SELECT * FROM tasks [] []
[2021-05-22T10:09:54.503914+02:00] PHP_BASICS.INFO: SELECT * FROM tasks WHERE completed = 0 [] []
[2021-05-22T10:09:55.880993+02:00] PHP_BASICS.INFO: SELECT * FROM tasks WHERE completed = 1 [] []
[2021-05-22T10:10:09.594777+02:00] PHP_BASICS.INFO: INSERT INTO tasks (description) VALUES (?) [] []
[2021-05-22T10:10:09.703783+02:00] PHP_BASICS.INFO: SELECT * FROM tasks WHERE completed = 1 [] []
[2021-05-22T10:10:13.406995+02:00] PHP_BASICS.INFO: SELECT * FROM tasks [] []
[2021-05-22T10:11:15.951572+02:00] PHP_BASICS.INFO: SELECT * FROM tasks [] []
[2021-05-22T10:11:59.871084+02:00] PHP_BASICS.INFO: SELECT * FROM tasks [] []
[2021-05-22T10:12:19.098184+02:00] PHP_BASICS.INFO: SELECT * FROM tasks [] []
[2021-05-22T10:16:35.260836+02:00] PHP_BASICS.INFO: SELECT * FROM tasks [] []
[2021-05-22T10:19:23.608571+02:00] PHP_BASICS.INFO: SELECT * FROM tasks [] []
[2021-05-22T10:24:16.330314+02:00] PHP_BASICS.INFO: SELECT * FROM tasks [] []
[2021-05-22T10:26:38.986473+02:00] PHP_BASICS.INFO: SELECT * FROM tasks [] []
[2021-05-22T10:28:13.162860+02:00] PHP_BASICS.INFO: SELECT * FROM tasks [] []
[2021-05-22T10:28:34.219064+02:00] PHP_BASICS.INFO: SELECT * FROM tasks [] []
[2021-05-22T10:28:46.585771+02:00] PHP_BASICS.INFO: SELECT * FROM tasks [] []
[2021-05-23T03:36:43.850080+02:00] PHP_BASICS.INFO: SELECT * FROM tasks [] []
[2021-05-23T03:43:24.926020+02:00] PHP_BASICS.INFO: SELECT * FROM tasks [] []
[2021-05-23T03:48:48.010499+02:00] PHP_BASICS.INFO: SELECT * FROM tasks [] []
[2021-05-23T03:48:51.674709+02:00] PHP_BASICS.INFO: SELECT * FROM tasks WHERE completed = 0 [] []
[2021-05-23T03:48:53.597819+02:00] PHP_BASICS.INFO: SELECT * FROM tasks WHERE completed = 1 [] []
[2021-05-30T14:39:35.965109+02:00] PHP_BASICS.INFO: SELECT * FROM tasks [] []
